WARNING:oauth2client._helpers:__init__() takes at most 4 positional arguments (5 given)
INFO:oauth2client.client:Successfully retrieved access token
WARNING:googleapiclient.discovery_cache:file_cache is unavailable when using oauth2client >= 4.0.0 or google-auth
Traceback (most recent call last):
  File "C:\ProgramData\Anaconda2\lib\site-packages\googleapiclient\discovery_cache\__init__.py", line 41, in autodetect
    from . import file_cache
  File "C:\ProgramData\Anaconda2\lib\site-packages\googleapiclient\discovery_cache\file_cache.py", line 41, in <module>
    'file_cache is unavailable when using oauth2client >= 4.0.0 or google-auth')
ImportError: file_cache is unavailable when using oauth2client >= 4.0.0 or google-auth
INFO:googleapiclient.discovery:URL being requested: GET https://www.googleapis.com/discovery/v1/apis/drive/v2/rest
INFO:googleapiclient.discovery:URL being requested: GET https://www.googleapis.com/drive/v2/files/1p_CR7YW3yyvpiorYt_uxuGKlKkmBxLcE/children?alt=json
INFO:googleapiclient.discovery:URL being requested: GET https://www.googleapis.com/drive/v2/files/1p_CR7YW3yyvpiorYt_uxuGKlKkmBxLcE/children?pageToken=%7E%21%21%7EAI9FV7TEEDuHyUaBirDgz_yEVDBEPXmRK8tObYt4Jy50iwbZsEqyqbux-X0fu19b6Ti_mpe6glwBrRLIwsNg0TxdGArIUp_emv-7HlSuiq0I_ehPgUF6KYnU7jqb64oapMH0GqKwDJMVeLibMMb2coO_LtWVVE9EPSFcN6RPik6KGHqKVA_o5Jn-q4GCK21PU-XBtnw5OjXEDljIth63C2y2e-r2cIRbJAyApkYct6xepYUPQlz4DUA-RKqi7nRYakvzdBC1Q4QxTCNB-vhG3dHwvtk2Tzq7hw%3D%3D&alt=json
INFO:googleapiclient.discovery:URL being requested: GET https://www.googleapis.com/drive/v2/files/1p_CR7YW3yyvpiorYt_uxuGKlKkmBxLcE/children?pageToken=%7E%21%21%7EAI9FV7TuqCczelCQovlg7n8ntCtl_HcLwN6H3-H4HITTl6z60m7LCnE2oTFUZH9HTCO8SHi_hPtOVrVIfBxwhZjWZC3DKZuuuvrq5nmzwd8ZAUT9g4zonFN7Jl3mm_5vsq13O_OwHE6eARbXuohUdAiVs2YXFu7XjgvqlJ4hI5dLE6PrkpLq9H_3TY-3C_FZRmVmCvSeF912AhPpHV1yjXqgbVdRTg2Dq2o-fRp5n1IFhzXtuLhIrjSX37dYB9YjP0v7zSLr0DXKVoRjcVT78iiczzS6VbH6eA%3D%3D&alt=json
INFO:googleapiclient.discovery:URL being requested: GET https://www.googleapis.com/drive/v2/files/1p_CR7YW3yyvpiorYt_uxuGKlKkmBxLcE/children?pageToken=%7E%21%21%7EAI9FV7Qvc_4vcN3PVJbqYU-DKke7FbnB8tS1WvqrnB9xSJW1R8Y0m6vH4KXpWBfCONnMl2BkShCirtWtewpz2R3dBsmx46WffZ8IxUO9G_9HRc0rNKYV_GRPcqUO1d9nSwoQrG0-f4jtb2q0NsJXi53cdlwZxSEAHlBg-8dFBUSF8LzRvYghcmIzR5qZVNd9lSq3Gqv9eBHRGK7gzlQSLfsq71psfME5bQe8HzxxcxKtGp_xAys4fSIy0iJoPM-Z19puIPvTR4e0h5rCiK5f5D92XM9FD-f5Gg%3D%3D&alt=json
INFO:googleapiclient.discovery:URL being requested: GET https://www.googleapis.com/drive/v2/files/1p_CR7YW3yyvpiorYt_uxuGKlKkmBxLcE/children?pageToken=%7E%21%21%7EAI9FV7RjUod9dmTvVRiZ8P9IeHe6dFHnVAWz8BrUYilDJH3vaiKhl9Q9AM2G27hig_79r0vXnGxnpCsP8mtE9XgDdmTGZYSN2zK0qMat_8-8FdIZ9F3iQ73v_xImb8KL2LHqtDr4PMpTxzle-xw-UJJAnmg-IVJdspeh2H_6qU3b0Zhn6mpGGH5dllmY9b2JemzI9qVQoBe7HRj56KSJ_RHGI_uG_-MEIpgwzAnubF8ZFSzl-DaHrfYT7T9qFeqlh3eO2OtCV5sjA9vKMx8HrzqvvWbsGXyvvQ%3D%3D&alt=json
INFO:googleapiclient.discovery:URL being requested: GET https://www.googleapis.com/drive/v2/files/1P8KZIJBdVkbP9YU-5Au_9ClJyQ5zqW-2?alt=json
INFO:googleapiclient.discovery:URL being requested: GET https://www.googleapis.com/drive/v2/files/1P8KZIJBdVkbP9YU-5Au_9ClJyQ5zqW-2?alt=json
INFO:googleapiclient.discovery:URL being requested: GET https://www.googleapis.com/drive/v2/files/1P8KZIJBdVkbP9YU-5Au_9ClJyQ5zqW-2?alt=media
INFO:googleapiclient.discovery:URL being requested: GET https://www.googleapis.com/drive/v2/files/1P8KZIJBdVkbP9YU-5Au_9ClJyQ5zqW-2?alt=json
WARNING:oauth2client._helpers:__init__() takes at most 4 positional arguments (5 given)
INFO:oauth2client.client:Successfully retrieved access token
WARNING:googleapiclient.discovery_cache:file_cache is unavailable when using oauth2client >= 4.0.0 or google-auth
Traceback (most recent call last):
  File "C:\ProgramData\Anaconda2\lib\site-packages\googleapiclient\discovery_cache\__init__.py", line 41, in autodetect
    from . import file_cache
  File "C:\ProgramData\Anaconda2\lib\site-packages\googleapiclient\discovery_cache\file_cache.py", line 41, in <module>
    'file_cache is unavailable when using oauth2client >= 4.0.0 or google-auth')
ImportError: file_cache is unavailable when using oauth2client >= 4.0.0 or google-auth
INFO:googleapiclient.discovery:URL being requested: GET https://www.googleapis.com/discovery/v1/apis/drive/v2/rest
INFO:googleapiclient.discovery:URL being requested: GET https://www.googleapis.com/drive/v2/files/1p_CR7YW3yyvpiorYt_uxuGKlKkmBxLcE/children?alt=json
INFO:googleapiclient.discovery:URL being requested: GET https://www.googleapis.com/drive/v2/files/1p_CR7YW3yyvpiorYt_uxuGKlKkmBxLcE/children?pageToken=%7E%21%21%7EAI9FV7TEEDuHyUaBirDgz_yEVDBEPXmRK8tObYt4Jy50iwbZsEqyqbux-X0fu19b6Ti_mpe6glwBrRLIwsNg0TxdGArIUp_emv-7HlSuiq0I_ehPgUF6KYnU7jqb64oapMH0GqKwDJMVeLibMMb2coO_LtWVVE9EPSFcN6RPik6KGHqKVA_o5Jn-q4GCK21PU-XBtnyR0iCfs2aN-zD_KehGig64_e19QFcxnbQ40dLmsl_2r6COHTm9ZsbkmM26VFRHp6yprORopxeqnu9EAmysH0q2B7r5IQ%3D%3D&alt=json
INFO:googleapiclient.discovery:URL being requested: GET https://www.googleapis.com/drive/v2/files/1p_CR7YW3yyvpiorYt_uxuGKlKkmBxLcE/children?pageToken=%7E%21%21%7EAI9FV7TuqCczelCQovlg7n8ntCtl_HcLwN6H3-H4HITTl6z60m7LCnE2oTFUZH9HTCO8SHi_hPtOVrVIfBxwhZjWZC3DKZuuuvrq5nmzwd8ZAUT9g4zonFN7Jl3mm_5vsq13O_OwHE6eARbXuohUdAiVs2YXFu7XjgvqlJ4hI5dLE6PrkpLq9H_3TY-3C_FZRmVmCvQbHaVfuLD9NtX_H1s0GtVugb1Gp0DCQm4rr6yQR9ONav2h8Xd_hzIUj1h7brMV5tjh70PyBo_28iHbSwv_wyJo22q-AQ%3D%3D&alt=json
INFO:googleapiclient.discovery:URL being requested: GET https://www.googleapis.com/drive/v2/files/1p_CR7YW3yyvpiorYt_uxuGKlKkmBxLcE/children?pageToken=%7E%21%21%7EAI9FV7Qvc_4vcN3PVJbqYU-DKke7FbnB8tS1WvqrnB9xSJW1R8Y0m6vH4KXpWBfCONnMl2BkShCirtWtewpz2R3dBsmx46WffZ8IxUO9G_9HRc0rNKYV_GRPcqUO1d9nSwoQrG0-f4jtb2q0NsJXi53cdlwZxSEAHlBg-8dFBUSF8LzRvYghcmIzR5qZVNd9lSq3GqtBoqCY5mD-efgHv5-FEstIMiWpSjWRCvGPOiYbBtY6srIePvFcj3RrofM490Gs3ub1_x7IHQXbWN3FDomXnvWNobT8-g%3D%3D&alt=json
INFO:googleapiclient.discovery:URL being requested: GET https://www.googleapis.com/drive/v2/files/1p_CR7YW3yyvpiorYt_uxuGKlKkmBxLcE/children?pageToken=%7E%21%21%7EAI9FV7RjUod9dmTvVRiZ8P9IeHe6dFHnVAWz8BrUYilDJH3vaiKhl9Q9AM2G27hig_79r0vXnGxnpCsP8mtE9XgDdmTGZYSN2zK0qMat_8-8FdIZ9F3iQ73v_xImb8KL2LHqtDr4PMpTxzle-xw-UJJAnmg-IVJdspeh2H_6qU3b0Zhn6mpGGH5dllmY9b2JemzI9qX7QBxt1ZkUj_LuOXslk0brFUkQsik_NpQ6rtzO9kAEG4nJdOjX8PyYr0zWTOnwlgb-c02E7q7ZphXsYT0DPDZDJlEXng%3D%3D&alt=json
INFO:googleapiclient.discovery:URL being requested: GET https://www.googleapis.com/drive/v2/files/1Uxm7A1y7ixJFc_tE-agJimRSEPYiA6rA?alt=json
INFO:googleapiclient.discovery:URL being requested: GET https://www.googleapis.com/drive/v2/files/1p_CR7YW3yyvpiorYt_uxuGKlKkmBxLcE/children?alt=json
INFO:googleapiclient.discovery:URL being requested: GET https://www.googleapis.com/drive/v2/files/1p_CR7YW3yyvpiorYt_uxuGKlKkmBxLcE/children?pageToken=%7E%21%21%7EAI9FV7TEEDuHyUaBirDgz_yEVDBEPXmRK8tObYt4Jy50iwbZsEqyqbux-X0fu19b6Ti_mpe6glwBrRLIwsNg0TxdGArIUp_emv-7HlSuiq0I_ehPgUF6KYnU7jqb64oapMH0GqKwDJMVeLibMMb2coO_LtWVVE9EPSFcN6RPik6KGHqKVA_o5Jn-q4GCK21PU-XBtnznv-HDhvBCrzhlkrWGRw95GhcnLUA7EtKXwdf5L0zi59oGDa8brGEcQ4tp5EcNUhkyEAiIYXpF0DXCTQiiwjSMuj3itg%3D%3D&alt=json
INFO:googleapiclient.discovery:URL being requested: GET https://www.googleapis.com/drive/v2/files/1p_CR7YW3yyvpiorYt_uxuGKlKkmBxLcE/children?pageToken=%7E%21%21%7EAI9FV7TuqCczelCQovlg7n8ntCtl_HcLwN6H3-H4HITTl6z60m7LCnE2oTFUZH9HTCO8SHi_hPtOVrVIfBxwhZjWZC3DKZuuuvrq5nmzwd8ZAUT9g4zonFN7Jl3mm_5vsq13O_OwHE6eARbXuohUdAiVs2YXFu7XjgvqlJ4hI5dLE6PrkpLq9H_3TY-3C_FZRmVmCvRQHMOdTNwVRtJr-HpwfKoWfVlLqtPD5ihIeEBE5iYppc39qdHdl6VgCZGXwCTvBoJ24JpB2qazz_snGk9o9W1eeHp7Kw%3D%3D&alt=json
INFO:googleapiclient.discovery:URL being requested: GET https://www.googleapis.com/drive/v2/files/1p_CR7YW3yyvpiorYt_uxuGKlKkmBxLcE/children?pageToken=%7E%21%21%7EAI9FV7Qvc_4vcN3PVJbqYU-DKke7FbnB8tS1WvqrnB9xSJW1R8Y0m6vH4KXpWBfCONnMl2BkShCirtWtewpz2R3dBsmx46WffZ8IxUO9G_9HRc0rNKYV_GRPcqUO1d9nSwoQrG0-f4jtb2q0NsJXi53cdlwZxSEAHlBg-8dFBUSF8LzRvYghcmIzR5qZVNd9lSq3Gqu5RuGUZGXwO-wn7q-Tgv0FxoqMovJgmHUaEX07ZvjLRpZ50C3jBZtPf49gVIcJipKdQFwDHJaqSWShPoVmtizSqptU0w%3D%3D&alt=json
INFO:googleapiclient.discovery:URL being requested: GET https://www.googleapis.com/drive/v2/files/1p_CR7YW3yyvpiorYt_uxuGKlKkmBxLcE/children?pageToken=%7E%21%21%7EAI9FV7RjUod9dmTvVRiZ8P9IeHe6dFHnVAWz8BrUYilDJH3vaiKhl9Q9AM2G27hig_79r0vXnGxnpCsP8mtE9XgDdmTGZYSN2zK0qMat_8-8FdIZ9F3iQ73v_xImb8KL2LHqtDr4PMpTxzle-xw-UJJAnmg-IVJdspeh2H_6qU3b0Zhn6mpGGH5dllmY9b2JemzI9qW7StlSIqX_wQgwtNJvBxwKSkNcYqJlvnzHj_4MelU0ZdAdgPGzsWvA6DV0CxJpOeX91TXrPcx5uodgxSXpXxAB-naeaA%3D%3D&alt=json
INFO:googleapiclient.discovery:URL being requested: GET https://www.googleapis.com/drive/v2/files/1Uxm7A1y7ixJFc_tE-agJimRSEPYiA6rA?alt=json
INFO:googleapiclient.discovery:URL being requested: GET https://www.googleapis.com/drive/v2/files/1Uxm7A1y7ixJFc_tE-agJimRSEPYiA6rA?alt=media
WARNING:oauth2client._helpers:__init__() takes at most 4 positional arguments (5 given)
INFO:oauth2client.client:Successfully retrieved access token
WARNING:googleapiclient.discovery_cache:file_cache is unavailable when using oauth2client >= 4.0.0 or google-auth
Traceback (most recent call last):
  File "C:\ProgramData\Anaconda2\lib\site-packages\googleapiclient\discovery_cache\__init__.py", line 41, in autodetect
    from . import file_cache
  File "C:\ProgramData\Anaconda2\lib\site-packages\googleapiclient\discovery_cache\file_cache.py", line 41, in <module>
    'file_cache is unavailable when using oauth2client >= 4.0.0 or google-auth')
ImportError: file_cache is unavailable when using oauth2client >= 4.0.0 or google-auth
INFO:googleapiclient.discovery:URL being requested: GET https://www.googleapis.com/discovery/v1/apis/drive/v2/rest
INFO:googleapiclient.discovery:URL being requested: GET https://www.googleapis.com/drive/v2/files/1p_CR7YW3yyvpiorYt_uxuGKlKkmBxLcE/children?alt=json
INFO:googleapiclient.discovery:URL being requested: GET https://www.googleapis.com/drive/v2/files/1p_CR7YW3yyvpiorYt_uxuGKlKkmBxLcE/children?pageToken=%7E%21%21%7EAI9FV7TEEDuHyUaBirDgz_yEVDBEPXmRK8tObYt4Jy50iwbZsEqyqbux-X0fu19b6Ti_mpe6glwBrRLIwsNg0TxdGArIUp_emv-7HlSuiq0I_ehPgUF6KYnU7jqb64oapMH0GqKwDJMVeLibMMb2coO_LtWVVE9EPSFcN6RPik6KGHqKVA_o5Jn-q4GCK21PU-XBtnxOzYHMX1m6Vmn7Z_XdY-Od_4epLDhGrKKASg7WmB-7c_CB_YMXRL559l29KUf2jpNURt5toyZGoKNw4ZQiFojrgIWxvw%3D%3D&alt=json
INFO:googleapiclient.discovery:URL being requested: GET https://www.googleapis.com/drive/v2/files/1p_CR7YW3yyvpiorYt_uxuGKlKkmBxLcE/children?pageToken=%7E%21%21%7EAI9FV7TuqCczelCQovlg7n8ntCtl_HcLwN6H3-H4HITTl6z60m7LCnE2oTFUZH9HTCO8SHi_hPtOVrVIfBxwhZjWZC3DKZuuuvrq5nmzwd8ZAUT9g4zonFN7Jl3mm_5vsq13O_OwHE6eARbXuohUdAiVs2YXFu7XjgvqlJ4hI5dLE6PrkpLq9H_3TY-3C_FZRmVmCvRDbxM0ONDADvDNC_epKFQebEiWz1p-bgafaKwj_PiyWvGoVTfobdo-TM7hmDReM-wIDwB4LDk4adbjT3O9mcNAkzN74Q%3D%3D&alt=json
INFO:googleapiclient.discovery:URL being requested: GET https://www.googleapis.com/drive/v2/files/1p_CR7YW3yyvpiorYt_uxuGKlKkmBxLcE/children?pageToken=%7E%21%21%7EAI9FV7Qvc_4vcN3PVJbqYU-DKke7FbnB8tS1WvqrnB9xSJW1R8Y0m6vH4KXpWBfCONnMl2BkShCirtWtewpz2R3dBsmx46WffZ8IxUO9G_9HRc0rNKYV_GRPcqUO1d9nSwoQrG0-f4jtb2q0NsJXi53cdlwZxSEAHlBg-8dFBUSF8LzRvYghcmIzR5qZVNd9lSq3Gqvuzu1aUsc8_v2sGHTax2hPoamYdO9v5XE2Pv8OsYrBFITZ6g5XGKNpvg9J6mvl7oJhLpYYllECIEq7Iox0qQGYx5rSeQ%3D%3D&alt=json
INFO:googleapiclient.discovery:URL being requested: GET https://www.googleapis.com/drive/v2/files/1p_CR7YW3yyvpiorYt_uxuGKlKkmBxLcE/children?pageToken=%7E%21%21%7EAI9FV7RjUod9dmTvVRiZ8P9IeHe6dFHnVAWz8BrUYilDJH3vaiKhl9Q9AM2G27hig_79r0vXnGxnpCsP8mtE9XgDdmTGZYSN2zK0qMat_8-8FdIZ9F3iQ73v_xImb8KL2LHqtDr4PMpTxzle-xw-UJJAnmg-IVJdspeh2H_6qU3b0Zhn6mpGGH5dllmY9b2JemzI9qUzYWVsLa36hou-fpREvMS605uU41NgwI9kTpBjHjU5OZfkSaI3EbRIzrgCfwaT5hVity4iJ89ACjQXOQRwYqURxdSt0w%3D%3D&alt=json
INFO:googleapiclient.discovery:URL being requested: GET https://www.googleapis.com/drive/v2/files/1Uxm7A1y7ixJFc_tE-agJimRSEPYiA6rA?alt=json
INFO:googleapiclient.discovery:URL being requested: GET https://www.googleapis.com/drive/v2/files/1Uxm7A1y7ixJFc_tE-agJimRSEPYiA6rA?alt=media
WARNING:oauth2client._helpers:__init__() takes at most 4 positional arguments (5 given)
INFO:oauth2client.client:Successfully retrieved access token
WARNING:googleapiclient.discovery_cache:file_cache is unavailable when using oauth2client >= 4.0.0 or google-auth
Traceback (most recent call last):
  File "C:\ProgramData\Anaconda2\lib\site-packages\googleapiclient\discovery_cache\__init__.py", line 41, in autodetect
    from . import file_cache
  File "C:\ProgramData\Anaconda2\lib\site-packages\googleapiclient\discovery_cache\file_cache.py", line 41, in <module>
    'file_cache is unavailable when using oauth2client >= 4.0.0 or google-auth')
ImportError: file_cache is unavailable when using oauth2client >= 4.0.0 or google-auth
INFO:googleapiclient.discovery:URL being requested: GET https://www.googleapis.com/discovery/v1/apis/drive/v2/rest
INFO:googleapiclient.discovery:URL being requested: GET https://www.googleapis.com/drive/v2/files/1p_CR7YW3yyvpiorYt_uxuGKlKkmBxLcE/children?alt=json
INFO:googleapiclient.discovery:URL being requested: GET https://www.googleapis.com/drive/v2/files/1p_CR7YW3yyvpiorYt_uxuGKlKkmBxLcE/children?pageToken=%7E%21%21%7EAI9FV7TEEDuHyUaBirDgz_yEVDBEPXmRK8tObYt4Jy50iwbZsEqyqbux-X0fu19b6Ti_mpe6glwBrRLIwsNg0TxdGArIUp_emv-7HlSuiq0I_ehPgUF6KYnU7jqb64oapMH0GqKwDJMVeLibMMb2coO_LtWVVE9EPSFcN6RPik6KGHqKVA_o5Jn-q4GCK21PU-XBtnzyB46LNjreFIKC-SWb6kRdtrW19C6ixInXRYGdJf1vGvRwiRl7xNv6XT6ccLRV1oBOBqQd771UXCnha0BNYlN8RbsMCw%3D%3D&alt=json
INFO:googleapiclient.discovery:URL being requested: GET https://www.googleapis.com/drive/v2/files/1p_CR7YW3yyvpiorYt_uxuGKlKkmBxLcE/children?pageToken=%7E%21%21%7EAI9FV7TuqCczelCQovlg7n8ntCtl_HcLwN6H3-H4HITTl6z60m7LCnE2oTFUZH9HTCO8SHi_hPtOVrVIfBxwhZjWZC3DKZuuuvrq5nmzwd8ZAUT9g4zonFN7Jl3mm_5vsq13O_OwHE6eARbXuohUdAiVs2YXFu7XjgvqlJ4hI5dLE6PrkpLq9H_3TY-3C_FZRmVmCvRy0gwEDUQCsLC6lqNxizPB4cLzmzGNGtTsTHPVzG3prtnEaIZPb3CRM1Tl4zybl2FB4XJIV1s6X4xcgNWnelb2WoHZzA%3D%3D&alt=json
INFO:googleapiclient.discovery:URL being requested: GET https://www.googleapis.com/drive/v2/files/1p_CR7YW3yyvpiorYt_uxuGKlKkmBxLcE/children?pageToken=%7E%21%21%7EAI9FV7Qvc_4vcN3PVJbqYU-DKke7FbnB8tS1WvqrnB9xSJW1R8Y0m6vH4KXpWBfCONnMl2BkShCirtWtewpz2R3dBsmx46WffZ8IxUO9G_9HRc0rNKYV_GRPcqUO1d9nSwoQrG0-f4jtb2q0NsJXi53cdlwZxSEAHlBg-8dFBUSF8LzRvYghcmIzR5qZVNd9lSq3GqtOW776QsO2NO90-UHbLhcZR579MjraLcOdZviEuEOT8yleN-0mrsOOmbSybxX91ifaslAMIHBXevIebCgkz5dZtS-qwA%3D%3D&alt=json
INFO:googleapiclient.discovery:URL being requested: GET https://www.googleapis.com/drive/v2/files/1p_CR7YW3yyvpiorYt_uxuGKlKkmBxLcE/children?pageToken=%7E%21%21%7EAI9FV7RjUod9dmTvVRiZ8P9IeHe6dFHnVAWz8BrUYilDJH3vaiKhl9Q9AM2G27hig_79r0vXnGxnpCsP8mtE9XgDdmTGZYSN2zK0qMat_8-8FdIZ9F3iQ73v_xImb8KL2LHqtDr4PMpTxzle-xw-UJJAnmg-IVJdspeh2H_6qU3b0Zhn6mpGGH5dllmY9b2JemzI9qWgDcHMAoH4n-w3DWZznJHdK8BP42X0cnurTo6H8yyDqSs-ZyBb2MuNfXrNmHVJWOKY4lfKRbSoLbGXJxd7JcpolahmoA%3D%3D&alt=json
INFO:googleapiclient.discovery:URL being requested: GET https://www.googleapis.com/drive/v2/files/1Uxm7A1y7ixJFc_tE-agJimRSEPYiA6rA?alt=json
INFO:googleapiclient.discovery:URL being requested: GET https://www.googleapis.com/drive/v2/files/1Uxm7A1y7ixJFc_tE-agJimRSEPYiA6rA?alt=media
INFO:googleapiclient.discovery:URL being requested: GET https://www.googleapis.com/drive/v2/files/1nz0txGIksK-DTlGv_Mk6H0SBhShXDcAg?alt=json
INFO:googleapiclient.discovery:URL being requested: GET https://www.googleapis.com/drive/v2/files/1nz0txGIksK-DTlGv_Mk6H0SBhShXDcAg?alt=media
INFO:googleapiclient.discovery:URL being requested: GET https://www.googleapis.com/drive/v2/files/1TeHUK8MBYcjECMXPzE4FfwCg93VwCghp?alt=json
INFO:googleapiclient.discovery:URL being requested: GET https://www.googleapis.com/drive/v2/files/1TeHUK8MBYcjECMXPzE4FfwCg93VwCghp?alt=media
WARNING:oauth2client._helpers:__init__() takes at most 4 positional arguments (5 given)
INFO:oauth2client.client:Successfully retrieved access token
WARNING:googleapiclient.discovery_cache:file_cache is unavailable when using oauth2client >= 4.0.0 or google-auth
Traceback (most recent call last):
  File "C:\ProgramData\Anaconda2\lib\site-packages\googleapiclient\discovery_cache\__init__.py", line 41, in autodetect
    from . import file_cache
  File "C:\ProgramData\Anaconda2\lib\site-packages\googleapiclient\discovery_cache\file_cache.py", line 41, in <module>
    'file_cache is unavailable when using oauth2client >= 4.0.0 or google-auth')
ImportError: file_cache is unavailable when using oauth2client >= 4.0.0 or google-auth
INFO:googleapiclient.discovery:URL being requested: GET https://www.googleapis.com/discovery/v1/apis/drive/v2/rest
INFO:googleapiclient.discovery:URL being requested: GET https://www.googleapis.com/drive/v2/files/1ptOXuFUwbnXpmhsW_hUqvI2_BiSRNOLS/children?alt=json
INFO:googleapiclient.discovery:URL being requested: GET https://www.googleapis.com/drive/v2/files/1ptOXuFUwbnXpmhsW_hUqvI2_BiSRNOLS/children?pageToken=%7E%21%21%7EAI9FV7TsKk5Iv2MZavhnRQk-2VnNyBdFL46Fw4_Vp0oZDFtUvzgeQYElOjjG_1wg8U_IFTTqNg6l8lYspIvnly3AiKG9OWq7uan7HALg_PvBcqtFw9ehpWUrU-gKE2lrv4co9-GoY1LeTT_ZiV6Id118NNsbZ1WhDMByygS1wz9E0se0RGNCf6Ln_1RpMB2GrHo8qoii0S5jgIuqegQfYgXckm816f_fatphdH4KzqyaHPk-a8VtTzckUA3ZjG-Q-OSYV32AsD4jEAMVJCskXmpKMILDy0SrfQ%3D%3D&alt=json
INFO:googleapiclient.discovery:URL being requested: GET https://www.googleapis.com/drive/v2/files/125N2FBw_EPy2Kkp-2fcfLRzRzuNX861g?alt=json
INFO:googleapiclient.discovery:URL being requested: GET https://www.googleapis.com/drive/v2/files/125N2FBw_EPy2Kkp-2fcfLRzRzuNX861g?alt=media
INFO:googleapiclient.discovery:URL being requested: GET https://www.googleapis.com/drive/v2/files/1u1cCDsXkM_2tWvmBgN5rUK0rWQgEwgxf?alt=json
INFO:googleapiclient.discovery:URL being requested: GET https://www.googleapis.com/drive/v2/files/1u1cCDsXkM_2tWvmBgN5rUK0rWQgEwgxf?alt=media
INFO:googleapiclient.discovery:URL being requested: GET https://www.googleapis.com/drive/v2/files/1MSAkLdsktBnPRWqUobQ1p1e_y4Qn1CLx?alt=json
INFO:googleapiclient.discovery:URL being requested: GET https://www.googleapis.com/drive/v2/files/1MSAkLdsktBnPRWqUobQ1p1e_y4Qn1CLx?alt=media
INFO:googleapiclient.discovery:URL being requested: GET https://www.googleapis.com/drive/v2/files/1-70NgmndG-XNnBcuV6tY5GoY-1Vq5OBr?alt=json
INFO:googleapiclient.discovery:URL being requested: GET https://www.googleapis.com/drive/v2/files/1-70NgmndG-XNnBcuV6tY5GoY-1Vq5OBr?alt=media
INFO:googleapiclient.discovery:URL being requested: GET https://www.googleapis.com/drive/v2/files/1hNLUZFf9eQJONGk9tSb_IkmBI071CR_T?alt=json
INFO:googleapiclient.discovery:URL being requested: GET https://www.googleapis.com/drive/v2/files/1hNLUZFf9eQJONGk9tSb_IkmBI071CR_T?alt=media
INFO:googleapiclient.discovery:URL being requested: GET https://www.googleapis.com/drive/v2/files/1H1EC4Sj82I2krfcMNPYCAVo7S-McShsH?alt=json
INFO:googleapiclient.discovery:URL being requested: GET https://www.googleapis.com/drive/v2/files/1H1EC4Sj82I2krfcMNPYCAVo7S-McShsH?alt=media
INFO:googleapiclient.discovery:URL being requested: GET https://www.googleapis.com/drive/v2/files/1ZTJ6sdYdkf-R6Svxv0NhXRikHUzsRlIc?alt=json
INFO:googleapiclient.discovery:URL being requested: GET https://www.googleapis.com/drive/v2/files/1ZTJ6sdYdkf-R6Svxv0NhXRikHUzsRlIc?alt=media
INFO:googleapiclient.discovery:URL being requested: GET https://www.googleapis.com/drive/v2/files/1k9ss-odXctw0w6s2T6a27UL5Bv1INaK6?alt=json
INFO:googleapiclient.discovery:URL being requested: GET https://www.googleapis.com/drive/v2/files/1k9ss-odXctw0w6s2T6a27UL5Bv1INaK6?alt=media
INFO:googleapiclient.discovery:URL being requested: GET https://www.googleapis.com/drive/v2/files/1g-1-xmk_hXq4Ay-kVttrapiaq6lGnn9h?alt=json
INFO:googleapiclient.discovery:URL being requested: GET https://www.googleapis.com/drive/v2/files/1g-1-xmk_hXq4Ay-kVttrapiaq6lGnn9h?alt=media
INFO:googleapiclient.discovery:URL being requested: GET https://www.googleapis.com/drive/v2/files/1duhigxWy5i2kXdndq8r2wk3I7UdeBJBR?alt=json
INFO:googleapiclient.discovery:URL being requested: GET https://www.googleapis.com/drive/v2/files/1duhigxWy5i2kXdndq8r2wk3I7UdeBJBR?alt=media
INFO:googleapiclient.discovery:URL being requested: GET https://www.googleapis.com/drive/v2/files/19h3hZserc-mRi0wyy2SGu_wCBiHc5cK7?alt=json
INFO:googleapiclient.discovery:URL being requested: GET https://www.googleapis.com/drive/v2/files/19h3hZserc-mRi0wyy2SGu_wCBiHc5cK7?alt=media
INFO:googleapiclient.discovery:URL being requested: GET https://www.googleapis.com/drive/v2/files/1OLqUGn6WdAT2QdAP1plSy-3XOdrQMEvx?alt=json
INFO:googleapiclient.discovery:URL being requested: GET https://www.googleapis.com/drive/v2/files/1OLqUGn6WdAT2QdAP1plSy-3XOdrQMEvx?alt=media
INFO:googleapiclient.discovery:URL being requested: GET https://www.googleapis.com/drive/v2/files/1uxHrZi4SwNXny3vUFFdhSCO2wScwf3jv?alt=json
INFO:googleapiclient.discovery:URL being requested: GET https://www.googleapis.com/drive/v2/files/1uxHrZi4SwNXny3vUFFdhSCO2wScwf3jv?alt=media
INFO:googleapiclient.discovery:URL being requested: GET https://www.googleapis.com/drive/v2/files/1QxX5VFmDZNP9xpHKnzw5L_qfNFO_Qmau?alt=json
INFO:googleapiclient.discovery:URL being requested: GET https://www.googleapis.com/drive/v2/files/1QxX5VFmDZNP9xpHKnzw5L_qfNFO_Qmau?alt=media
INFO:googleapiclient.discovery:URL being requested: GET https://www.googleapis.com/drive/v2/files/12_U1RL11_M6q_fINnv7YWKM3_JvHubd3?alt=json
INFO:googleapiclient.discovery:URL being requested: GET https://www.googleapis.com/drive/v2/files/12_U1RL11_M6q_fINnv7YWKM3_JvHubd3?alt=media
INFO:googleapiclient.discovery:URL being requested: GET https://www.googleapis.com/drive/v2/files/1z9fedzFj6IIGmJcZOfq4CCNfe5icOHZJ?alt=json
INFO:googleapiclient.discovery:URL being requested: GET https://www.googleapis.com/drive/v2/files/1z9fedzFj6IIGmJcZOfq4CCNfe5icOHZJ?alt=media
INFO:googleapiclient.discovery:URL being requested: GET https://www.googleapis.com/drive/v2/files/1JF27lBMLkY0M7n2DEdZHAK5wQOLpFrzQ?alt=json
INFO:googleapiclient.discovery:URL being requested: GET https://www.googleapis.com/drive/v2/files/1JF27lBMLkY0M7n2DEdZHAK5wQOLpFrzQ?alt=media
INFO:googleapiclient.discovery:URL being requested: GET https://www.googleapis.com/drive/v2/files/1wo1xcar927NFZmw0aMO_qWT3EVP7Bte9?alt=json
INFO:googleapiclient.discovery:URL being requested: GET https://www.googleapis.com/drive/v2/files/1wo1xcar927NFZmw0aMO_qWT3EVP7Bte9?alt=media
INFO:googleapiclient.discovery:URL being requested: GET https://www.googleapis.com/drive/v2/files/1T8n9QiK528T63z1oEUiMMVVXOwUqNBz_?alt=json
INFO:googleapiclient.discovery:URL being requested: GET https://www.googleapis.com/drive/v2/files/1T8n9QiK528T63z1oEUiMMVVXOwUqNBz_?alt=media
INFO:googleapiclient.discovery:URL being requested: GET https://www.googleapis.com/drive/v2/files/1AKtaQhFDOffamsDAx-3BQ1kfYMqzgW9U?alt=json
INFO:googleapiclient.discovery:URL being requested: GET https://www.googleapis.com/drive/v2/files/1AKtaQhFDOffamsDAx-3BQ1kfYMqzgW9U?alt=media
INFO:googleapiclient.discovery:URL being requested: GET https://www.googleapis.com/drive/v2/files/1wav7HjTRdb6yxdanDBgpagWoZYED0bFN?alt=json
INFO:googleapiclient.discovery:URL being requested: GET https://www.googleapis.com/drive/v2/files/1wav7HjTRdb6yxdanDBgpagWoZYED0bFN?alt=media
INFO:googleapiclient.discovery:URL being requested: GET https://www.googleapis.com/drive/v2/files/1My83AvRjpy0mS9mQDiBf5LuFF_sCHjQe?alt=json
INFO:googleapiclient.discovery:URL being requested: GET https://www.googleapis.com/drive/v2/files/1My83AvRjpy0mS9mQDiBf5LuFF_sCHjQe?alt=media
INFO:oauth2client.transport:Refreshing due to a 401 (attempt 1/2)
INFO:oauth2client.client:Refreshing access_token
INFO:googleapiclient.discovery:URL being requested: GET https://www.googleapis.com/drive/v2/files/149fBjUuZBBI30Jhm9QDrrSNRMHlO0g6W?alt=json
INFO:googleapiclient.discovery:URL being requested: GET https://www.googleapis.com/drive/v2/files/149fBjUuZBBI30Jhm9QDrrSNRMHlO0g6W?alt=media
INFO:googleapiclient.discovery:URL being requested: GET https://www.googleapis.com/drive/v2/files/1jUHsoPPgHK6mSrZot8Ra-hQiH_JdA4wN?alt=json
INFO:googleapiclient.discovery:URL being requested: GET https://www.googleapis.com/drive/v2/files/1jUHsoPPgHK6mSrZot8Ra-hQiH_JdA4wN?alt=media
INFO:googleapiclient.discovery:URL being requested: GET https://www.googleapis.com/drive/v2/files/1beVraRjJTWFROAT-6zkyiUcK4TAgEZyM?alt=json
INFO:googleapiclient.discovery:URL being requested: GET https://www.googleapis.com/drive/v2/files/1beVraRjJTWFROAT-6zkyiUcK4TAgEZyM?alt=media
INFO:googleapiclient.discovery:URL being requested: GET https://www.googleapis.com/drive/v2/files/1jS5g9kfu_GR83soOD1exRfBkvo-RE1r8?alt=json
INFO:googleapiclient.discovery:URL being requested: GET https://www.googleapis.com/drive/v2/files/1jS5g9kfu_GR83soOD1exRfBkvo-RE1r8?alt=media
INFO:googleapiclient.discovery:URL being requested: GET https://www.googleapis.com/drive/v2/files/1Fwb_7EsIN21O2SXsFVBHpq0cMcbo1qyN?alt=json
INFO:googleapiclient.discovery:URL being requested: GET https://www.googleapis.com/drive/v2/files/1Fwb_7EsIN21O2SXsFVBHpq0cMcbo1qyN?alt=media
INFO:googleapiclient.discovery:URL being requested: GET https://www.googleapis.com/drive/v2/files/1xtaAYxq_7KeNsNBEC9j4bLXZKV2l3j8r?alt=json
INFO:googleapiclient.discovery:URL being requested: GET https://www.googleapis.com/drive/v2/files/1xtaAYxq_7KeNsNBEC9j4bLXZKV2l3j8r?alt=media
INFO:googleapiclient.discovery:URL being requested: GET https://www.googleapis.com/drive/v2/files/1MQ8muCwra6LFhluXvXeY72jORG5tJf4Y?alt=json
INFO:googleapiclient.discovery:URL being requested: GET https://www.googleapis.com/drive/v2/files/1MQ8muCwra6LFhluXvXeY72jORG5tJf4Y?alt=media
INFO:googleapiclient.discovery:URL being requested: GET https://www.googleapis.com/drive/v2/files/1RdfCU2LobQymC_5V0NEzMU2JpGfUmj2r?alt=json
INFO:googleapiclient.discovery:URL being requested: GET https://www.googleapis.com/drive/v2/files/1RdfCU2LobQymC_5V0NEzMU2JpGfUmj2r?alt=media
INFO:googleapiclient.discovery:URL being requested: GET https://www.googleapis.com/drive/v2/files/1xFDMWcje7CFSpRrEJSwc7eol1mbqSQku?alt=json
INFO:googleapiclient.discovery:URL being requested: GET https://www.googleapis.com/drive/v2/files/1xFDMWcje7CFSpRrEJSwc7eol1mbqSQku?alt=media
INFO:googleapiclient.discovery:URL being requested: GET https://www.googleapis.com/drive/v2/files/1UJoe6GhBJBQdyAM0vUaVZdp2ORwPodUT?alt=json
INFO:googleapiclient.discovery:URL being requested: GET https://www.googleapis.com/drive/v2/files/1UJoe6GhBJBQdyAM0vUaVZdp2ORwPodUT?alt=media
INFO:googleapiclient.discovery:URL being requested: GET https://www.googleapis.com/drive/v2/files/1AT0UgOLQYTPQ63vZbBBW9AE7HlrsAo2S?alt=json
INFO:googleapiclient.discovery:URL being requested: GET https://www.googleapis.com/drive/v2/files/1AT0UgOLQYTPQ63vZbBBW9AE7HlrsAo2S?alt=media
INFO:googleapiclient.discovery:URL being requested: GET https://www.googleapis.com/drive/v2/files/1fCD3PmkHmC1JSuqrhTcgc6FXb1hw6XXb?alt=json
INFO:googleapiclient.discovery:URL being requested: GET https://www.googleapis.com/drive/v2/files/1fCD3PmkHmC1JSuqrhTcgc6FXb1hw6XXb?alt=media
INFO:googleapiclient.discovery:URL being requested: GET https://www.googleapis.com/drive/v2/files/1TPZWrrNE7T1q1jhmN3XVf41TmWym1ltg?alt=json
INFO:googleapiclient.discovery:URL being requested: GET https://www.googleapis.com/drive/v2/files/1TPZWrrNE7T1q1jhmN3XVf41TmWym1ltg?alt=media
INFO:googleapiclient.discovery:URL being requested: GET https://www.googleapis.com/drive/v2/files/1ZfopHCtvgolfagovTtYEbvkb3NBqu1cX?alt=json
INFO:googleapiclient.discovery:URL being requested: GET https://www.googleapis.com/drive/v2/files/1ZfopHCtvgolfagovTtYEbvkb3NBqu1cX?alt=media
INFO:googleapiclient.discovery:URL being requested: GET https://www.googleapis.com/drive/v2/files/1ulG9nHOSNGSNCmO_qRFKTqXYVvfE_p79?alt=json
INFO:googleapiclient.discovery:URL being requested: GET https://www.googleapis.com/drive/v2/files/1ulG9nHOSNGSNCmO_qRFKTqXYVvfE_p79?alt=media
INFO:googleapiclient.discovery:URL being requested: GET https://www.googleapis.com/drive/v2/files/1_6ZsdToF2cqXKl0LWhhdEsCDrXNZhQZf?alt=json
INFO:googleapiclient.discovery:URL being requested: GET https://www.googleapis.com/drive/v2/files/1_6ZsdToF2cqXKl0LWhhdEsCDrXNZhQZf?alt=media
INFO:googleapiclient.discovery:URL being requested: GET https://www.googleapis.com/drive/v2/files/1-wreY2HB1JUiKlx63aIzitxKTU8lDkUt?alt=json
INFO:googleapiclient.discovery:URL being requested: GET https://www.googleapis.com/drive/v2/files/1-wreY2HB1JUiKlx63aIzitxKTU8lDkUt?alt=media
INFO:googleapiclient.discovery:URL being requested: GET https://www.googleapis.com/drive/v2/files/1sPD-Qrfknjn83_G3t_76eKiX7quhGxLi?alt=json
INFO:googleapiclient.discovery:URL being requested: GET https://www.googleapis.com/drive/v2/files/1sPD-Qrfknjn83_G3t_76eKiX7quhGxLi?alt=media
INFO:googleapiclient.discovery:URL being requested: GET https://www.googleapis.com/drive/v2/files/1Bbx4_8xYIWQhBu5kVO3E9POAYwnABOkJ?alt=json
INFO:googleapiclient.discovery:URL being requested: GET https://www.googleapis.com/drive/v2/files/1Bbx4_8xYIWQhBu5kVO3E9POAYwnABOkJ?alt=media
INFO:googleapiclient.discovery:URL being requested: GET https://www.googleapis.com/drive/v2/files/1q-UPUPoF7CNpLeUCUZ1wVVnFu_K3aKd8?alt=json
INFO:googleapiclient.discovery:URL being requested: GET https://www.googleapis.com/drive/v2/files/1q-UPUPoF7CNpLeUCUZ1wVVnFu_K3aKd8?alt=media
INFO:oauth2client.transport:Refreshing due to a 401 (attempt 1/2)
INFO:oauth2client.client:Refreshing access_token
INFO:googleapiclient.discovery:URL being requested: GET https://www.googleapis.com/drive/v2/files/1s-kRPrZD0yOFjy7TTiVdrbZRictNjrJj?alt=json
INFO:googleapiclient.discovery:URL being requested: GET https://www.googleapis.com/drive/v2/files/1s-kRPrZD0yOFjy7TTiVdrbZRictNjrJj?alt=media
INFO:googleapiclient.discovery:URL being requested: GET https://www.googleapis.com/drive/v2/files/1jDuNnZ_T8tDqPckNcQ93Z7TJeiwyuLEj?alt=json
INFO:googleapiclient.discovery:URL being requested: GET https://www.googleapis.com/drive/v2/files/1jDuNnZ_T8tDqPckNcQ93Z7TJeiwyuLEj?alt=media
INFO:googleapiclient.discovery:URL being requested: GET https://www.googleapis.com/drive/v2/files/1qDRcXi9t_58pNHVU5jsA96GHH6fplA87?alt=json
INFO:googleapiclient.discovery:URL being requested: GET https://www.googleapis.com/drive/v2/files/1qDRcXi9t_58pNHVU5jsA96GHH6fplA87?alt=media
INFO:googleapiclient.discovery:URL being requested: GET https://www.googleapis.com/drive/v2/files/1DFqO9qHjhaZB8llZJeqxhpJr3jTijl6a?alt=json
INFO:googleapiclient.discovery:URL being requested: GET https://www.googleapis.com/drive/v2/files/1DFqO9qHjhaZB8llZJeqxhpJr3jTijl6a?alt=media
INFO:googleapiclient.discovery:URL being requested: GET https://www.googleapis.com/drive/v2/files/1pYJlMzWyXEIOPntx9-eymz2eKipK0V2g?alt=json
INFO:googleapiclient.discovery:URL being requested: GET https://www.googleapis.com/drive/v2/files/1pYJlMzWyXEIOPntx9-eymz2eKipK0V2g?alt=media
INFO:googleapiclient.discovery:URL being requested: GET https://www.googleapis.com/drive/v2/files/1UXitxWj16BTg0NFpanWpIFF1DC1vhIK2?alt=json
INFO:googleapiclient.discovery:URL being requested: GET https://www.googleapis.com/drive/v2/files/1UXitxWj16BTg0NFpanWpIFF1DC1vhIK2?alt=media
INFO:googleapiclient.discovery:URL being requested: GET https://www.googleapis.com/drive/v2/files/1kU5mTFFaNn8yI5slzRf5bGYDdmTZtn-e?alt=json
INFO:googleapiclient.discovery:URL being requested: GET https://www.googleapis.com/drive/v2/files/1kU5mTFFaNn8yI5slzRf5bGYDdmTZtn-e?alt=media
INFO:googleapiclient.discovery:URL being requested: GET https://www.googleapis.com/drive/v2/files/1_JpwsCPq7YeFjP1ZvKcNoa9_CQtWCsM1?alt=json
INFO:googleapiclient.discovery:URL being requested: GET https://www.googleapis.com/drive/v2/files/1_JpwsCPq7YeFjP1ZvKcNoa9_CQtWCsM1?alt=media
INFO:googleapiclient.discovery:URL being requested: GET https://www.googleapis.com/drive/v2/files/1fAjzxshSb5fVxZABmzbDvPEvnhaiYdYP?alt=json
INFO:googleapiclient.discovery:URL being requested: GET https://www.googleapis.com/drive/v2/files/1fAjzxshSb5fVxZABmzbDvPEvnhaiYdYP?alt=media
INFO:googleapiclient.discovery:URL being requested: GET https://www.googleapis.com/drive/v2/files/1MeohNHJxsd6q2oTLsPVrzIspN9yY45Gk?alt=json
INFO:googleapiclient.discovery:URL being requested: GET https://www.googleapis.com/drive/v2/files/1MeohNHJxsd6q2oTLsPVrzIspN9yY45Gk?alt=media
INFO:googleapiclient.discovery:URL being requested: GET https://www.googleapis.com/drive/v2/files/1My7WiFxVQt7o60edPJ5Up6NgGlRhGpA2?alt=json
INFO:googleapiclient.discovery:URL being requested: GET https://www.googleapis.com/drive/v2/files/1My7WiFxVQt7o60edPJ5Up6NgGlRhGpA2?alt=media
INFO:googleapiclient.discovery:URL being requested: GET https://www.googleapis.com/drive/v2/files/1r45qBumy17gwP9wqFmwww7cX-x3F7abP?alt=json
INFO:googleapiclient.discovery:URL being requested: GET https://www.googleapis.com/drive/v2/files/1r45qBumy17gwP9wqFmwww7cX-x3F7abP?alt=media
INFO:googleapiclient.discovery:URL being requested: GET https://www.googleapis.com/drive/v2/files/1PJP0skcnx09M5EBYZvFTwFdUbS5kLfU-?alt=json
INFO:googleapiclient.discovery:URL being requested: GET https://www.googleapis.com/drive/v2/files/1PJP0skcnx09M5EBYZvFTwFdUbS5kLfU-?alt=media
INFO:googleapiclient.discovery:URL being requested: GET https://www.googleapis.com/drive/v2/files/1otmJmS0UOeVEQmDrhnY5O8Uud1wx7--O?alt=json
INFO:googleapiclient.discovery:URL being requested: GET https://www.googleapis.com/drive/v2/files/1otmJmS0UOeVEQmDrhnY5O8Uud1wx7--O?alt=media
INFO:googleapiclient.discovery:URL being requested: GET https://www.googleapis.com/drive/v2/files/1ulSvMMsw9rhmCLvonzH4mwwoj1yHxdJh?alt=json
INFO:googleapiclient.discovery:URL being requested: GET https://www.googleapis.com/drive/v2/files/1ulSvMMsw9rhmCLvonzH4mwwoj1yHxdJh?alt=media
INFO:googleapiclient.discovery:URL being requested: GET https://www.googleapis.com/drive/v2/files/1g9xMhnPDZyJ3mMX0FjXpNzOojW5W66Mq?alt=json
INFO:googleapiclient.discovery:URL being requested: GET https://www.googleapis.com/drive/v2/files/1g9xMhnPDZyJ3mMX0FjXpNzOojW5W66Mq?alt=media
INFO:googleapiclient.discovery:URL being requested: GET https://www.googleapis.com/drive/v2/files/1GB1qLYTjLsBb6Mh9D4gyu7-3HjQqkTSl?alt=json
INFO:googleapiclient.discovery:URL being requested: GET https://www.googleapis.com/drive/v2/files/1GB1qLYTjLsBb6Mh9D4gyu7-3HjQqkTSl?alt=media
INFO:googleapiclient.discovery:URL being requested: GET https://www.googleapis.com/drive/v2/files/1zURiHu3nYc4ql7tygLatHRupJxXD8kVr?alt=json
INFO:googleapiclient.discovery:URL being requested: GET https://www.googleapis.com/drive/v2/files/1zURiHu3nYc4ql7tygLatHRupJxXD8kVr?alt=media
INFO:googleapiclient.discovery:URL being requested: GET https://www.googleapis.com/drive/v2/files/1ZpLcGOA0cgzMm2JUAvwHE4hmob4-Jwj7?alt=json
INFO:googleapiclient.discovery:URL being requested: GET https://www.googleapis.com/drive/v2/files/1ZpLcGOA0cgzMm2JUAvwHE4hmob4-Jwj7?alt=media
INFO:googleapiclient.discovery:URL being requested: GET https://www.googleapis.com/drive/v2/files/1msxXr5zy4NFJDaRIb1QbZw6rqzaH57SC?alt=json
INFO:googleapiclient.discovery:URL being requested: GET https://www.googleapis.com/drive/v2/files/1msxXr5zy4NFJDaRIb1QbZw6rqzaH57SC?alt=media
INFO:googleapiclient.discovery:URL being requested: GET https://www.googleapis.com/drive/v2/files/1-L5ygutRmIDO2XyL3Usuf3ja5k-YjwUG?alt=json
INFO:googleapiclient.discovery:URL being requested: GET https://www.googleapis.com/drive/v2/files/1-L5ygutRmIDO2XyL3Usuf3ja5k-YjwUG?alt=media
INFO:googleapiclient.discovery:URL being requested: GET https://www.googleapis.com/drive/v2/files/1POi4FIL1Bx36I9xqCJgHGvs-Dodg7Rj9?alt=json
INFO:googleapiclient.discovery:URL being requested: GET https://www.googleapis.com/drive/v2/files/1POi4FIL1Bx36I9xqCJgHGvs-Dodg7Rj9?alt=media
INFO:oauth2client.transport:Refreshing due to a 401 (attempt 1/2)
INFO:oauth2client.client:Refreshing access_token
INFO:googleapiclient.discovery:URL being requested: GET https://www.googleapis.com/drive/v2/files/1z9ij8PgZfSP44v-0Y2Gf52ial3p4isb9?alt=json
INFO:googleapiclient.discovery:URL being requested: GET https://www.googleapis.com/drive/v2/files/1z9ij8PgZfSP44v-0Y2Gf52ial3p4isb9?alt=media
INFO:googleapiclient.discovery:URL being requested: GET https://www.googleapis.com/drive/v2/files/18MmeUAbCq66YOSuJRrxYmX8MECoPLsBx?alt=json
INFO:googleapiclient.discovery:URL being requested: GET https://www.googleapis.com/drive/v2/files/18MmeUAbCq66YOSuJRrxYmX8MECoPLsBx?alt=media
INFO:googleapiclient.discovery:URL being requested: GET https://www.googleapis.com/drive/v2/files/1qNE6TsZVRp0VZOppipuW7Ff7tK-q-cPZ?alt=json
INFO:googleapiclient.discovery:URL being requested: GET https://www.googleapis.com/drive/v2/files/1qNE6TsZVRp0VZOppipuW7Ff7tK-q-cPZ?alt=media
INFO:googleapiclient.discovery:URL being requested: GET https://www.googleapis.com/drive/v2/files/1_WD0TpqPxc7EtgyTU8YWNXn7dwtX4L3y?alt=json
INFO:googleapiclient.discovery:URL being requested: GET https://www.googleapis.com/drive/v2/files/1_WD0TpqPxc7EtgyTU8YWNXn7dwtX4L3y?alt=media
INFO:googleapiclient.discovery:URL being requested: GET https://www.googleapis.com/drive/v2/files/1Gznz2Ed2QYq2R7WRJgx7gZy5WFYuCG5m?alt=json
INFO:googleapiclient.discovery:URL being requested: GET https://www.googleapis.com/drive/v2/files/1Gznz2Ed2QYq2R7WRJgx7gZy5WFYuCG5m?alt=media
INFO:googleapiclient.discovery:URL being requested: GET https://www.googleapis.com/drive/v2/files/1GvR8Atv2APSrWvCGIXbH4tXj2eI_8ZKI?alt=json
INFO:googleapiclient.discovery:URL being requested: GET https://www.googleapis.com/drive/v2/files/1GvR8Atv2APSrWvCGIXbH4tXj2eI_8ZKI?alt=media
INFO:googleapiclient.discovery:URL being requested: GET https://www.googleapis.com/drive/v2/files/1W-Ioa4-PWmfkTIb4_0nRCWBLPHE6AsTy?alt=json
INFO:googleapiclient.discovery:URL being requested: GET https://www.googleapis.com/drive/v2/files/1W-Ioa4-PWmfkTIb4_0nRCWBLPHE6AsTy?alt=media
INFO:googleapiclient.discovery:URL being requested: GET https://www.googleapis.com/drive/v2/files/1uC6gn3LwVIvXdxIeHlSSycs5XHh-R9B8?alt=json
INFO:googleapiclient.discovery:URL being requested: GET https://www.googleapis.com/drive/v2/files/1uC6gn3LwVIvXdxIeHlSSycs5XHh-R9B8?alt=media
INFO:googleapiclient.discovery:URL being requested: GET https://www.googleapis.com/drive/v2/files/1l6Pqt-DBZZ_YhFTjJBaonU9j_oS5UhD2?alt=json
INFO:googleapiclient.discovery:URL being requested: GET https://www.googleapis.com/drive/v2/files/1l6Pqt-DBZZ_YhFTjJBaonU9j_oS5UhD2?alt=media
INFO:googleapiclient.discovery:URL being requested: GET https://www.googleapis.com/drive/v2/files/13kO0s88IZU5qbVc6QO8lF88QvIRi-sSP?alt=json
INFO:googleapiclient.discovery:URL being requested: GET https://www.googleapis.com/drive/v2/files/13kO0s88IZU5qbVc6QO8lF88QvIRi-sSP?alt=media
INFO:googleapiclient.discovery:URL being requested: GET https://www.googleapis.com/drive/v2/files/1j0XFBNZSRdoQlJq5FmDcJO5cjEED5UmW?alt=json
INFO:googleapiclient.discovery:URL being requested: GET https://www.googleapis.com/drive/v2/files/1j0XFBNZSRdoQlJq5FmDcJO5cjEED5UmW?alt=media
INFO:googleapiclient.discovery:URL being requested: GET https://www.googleapis.com/drive/v2/files/1JenPVSLxmLb-lusQzMOLZoudZuMlQza3?alt=json
INFO:googleapiclient.discovery:URL being requested: GET https://www.googleapis.com/drive/v2/files/1JenPVSLxmLb-lusQzMOLZoudZuMlQza3?alt=media
INFO:googleapiclient.discovery:URL being requested: GET https://www.googleapis.com/drive/v2/files/1j3krMKNtTtVlwxqGMbH8t6B_AylUPUVf?alt=json
INFO:googleapiclient.discovery:URL being requested: GET https://www.googleapis.com/drive/v2/files/1j3krMKNtTtVlwxqGMbH8t6B_AylUPUVf?alt=media
INFO:googleapiclient.discovery:URL being requested: GET https://www.googleapis.com/drive/v2/files/1-xhxwsqaYrJCaNPeLio6UWyPBjNNczwh?alt=json
INFO:googleapiclient.discovery:URL being requested: GET https://www.googleapis.com/drive/v2/files/1-xhxwsqaYrJCaNPeLio6UWyPBjNNczwh?alt=media
INFO:googleapiclient.discovery:URL being requested: GET https://www.googleapis.com/drive/v2/files/1aEE0iD8JF7U9XzWRNOy0TU0sV62H0vLh?alt=json
INFO:googleapiclient.discovery:URL being requested: GET https://www.googleapis.com/drive/v2/files/1aEE0iD8JF7U9XzWRNOy0TU0sV62H0vLh?alt=media
INFO:googleapiclient.discovery:URL being requested: GET https://www.googleapis.com/drive/v2/files/1wETP8cWXp7z682lbnyE7tDAT7zdOLsCx?alt=json
INFO:googleapiclient.discovery:URL being requested: GET https://www.googleapis.com/drive/v2/files/1wETP8cWXp7z682lbnyE7tDAT7zdOLsCx?alt=media
INFO:googleapiclient.discovery:URL being requested: GET https://www.googleapis.com/drive/v2/files/1VkU78F8RjtCHwJI1TNBNC00Bf__4gihC?alt=json
INFO:googleapiclient.discovery:URL being requested: GET https://www.googleapis.com/drive/v2/files/1VkU78F8RjtCHwJI1TNBNC00Bf__4gihC?alt=media
INFO:googleapiclient.discovery:URL being requested: GET https://www.googleapis.com/drive/v2/files/1MBCChpQTiBHMcFsonGmXzFglGwcWOYRN?alt=json
INFO:googleapiclient.discovery:URL being requested: GET https://www.googleapis.com/drive/v2/files/1MBCChpQTiBHMcFsonGmXzFglGwcWOYRN?alt=media
INFO:googleapiclient.discovery:URL being requested: GET https://www.googleapis.com/drive/v2/files/1jz8jNF5pzGdJ0uuXI8m40uvJPd_UhKmQ?alt=json
INFO:googleapiclient.discovery:URL being requested: GET https://www.googleapis.com/drive/v2/files/1jz8jNF5pzGdJ0uuXI8m40uvJPd_UhKmQ?alt=media
INFO:googleapiclient.discovery:URL being requested: GET https://www.googleapis.com/drive/v2/files/1qLgOr7UUDgxrZP1hwlgpnADJfPC-x-9A?alt=json
INFO:googleapiclient.discovery:URL being requested: GET https://www.googleapis.com/drive/v2/files/1qLgOr7UUDgxrZP1hwlgpnADJfPC-x-9A?alt=media
INFO:googleapiclient.discovery:URL being requested: GET https://www.googleapis.com/drive/v2/files/1yPjvEQy1c1L3SltdB7rY8whfbLzbXtVc?alt=json
INFO:googleapiclient.discovery:URL being requested: GET https://www.googleapis.com/drive/v2/files/1yPjvEQy1c1L3SltdB7rY8whfbLzbXtVc?alt=media
INFO:googleapiclient.discovery:URL being requested: GET https://www.googleapis.com/drive/v2/files/13oGffvILzQ3bG4CTRf4fcxoldNpIlJxA?alt=json
INFO:googleapiclient.discovery:URL being requested: GET https://www.googleapis.com/drive/v2/files/13oGffvILzQ3bG4CTRf4fcxoldNpIlJxA?alt=media
INFO:googleapiclient.discovery:URL being requested: GET https://www.googleapis.com/drive/v2/files/1tfjusOeXEWbb20MrLYEY-8CM1unF1wSS?alt=json
INFO:googleapiclient.discovery:URL being requested: GET https://www.googleapis.com/drive/v2/files/1tfjusOeXEWbb20MrLYEY-8CM1unF1wSS?alt=media
INFO:oauth2client.transport:Refreshing due to a 401 (attempt 1/2)
INFO:oauth2client.client:Refreshing access_token
INFO:googleapiclient.discovery:URL being requested: GET https://www.googleapis.com/drive/v2/files/1eE7QRr3amVP842DueNmgZ79T5TS1JNvx?alt=json
INFO:googleapiclient.discovery:URL being requested: GET https://www.googleapis.com/drive/v2/files/1eE7QRr3amVP842DueNmgZ79T5TS1JNvx?alt=media
INFO:googleapiclient.discovery:URL being requested: GET https://www.googleapis.com/drive/v2/files/1HuRSHTwMmeoa3HdXT2_rljXInpKGX1sN?alt=json
INFO:googleapiclient.discovery:URL being requested: GET https://www.googleapis.com/drive/v2/files/1HuRSHTwMmeoa3HdXT2_rljXInpKGX1sN?alt=media
INFO:googleapiclient.discovery:URL being requested: GET https://www.googleapis.com/drive/v2/files/1VRu4qAAWwmSF5NQ9JIAEq5DIsJiP7F5_?alt=json
INFO:googleapiclient.discovery:URL being requested: GET https://www.googleapis.com/drive/v2/files/1VRu4qAAWwmSF5NQ9JIAEq5DIsJiP7F5_?alt=media
INFO:googleapiclient.discovery:URL being requested: GET https://www.googleapis.com/drive/v2/files/1bmherQTjp2VG2W41zDs3a1U1u5dG17KU?alt=json
INFO:googleapiclient.discovery:URL being requested: GET https://www.googleapis.com/drive/v2/files/1bmherQTjp2VG2W41zDs3a1U1u5dG17KU?alt=media
INFO:googleapiclient.discovery:URL being requested: GET https://www.googleapis.com/drive/v2/files/14wfHFDNbJfm1n3agmCnJoyG-gq-h6DNs?alt=json
INFO:googleapiclient.discovery:URL being requested: GET https://www.googleapis.com/drive/v2/files/14wfHFDNbJfm1n3agmCnJoyG-gq-h6DNs?alt=media
INFO:googleapiclient.discovery:URL being requested: GET https://www.googleapis.com/drive/v2/files/1xupwYTdw6G2qVNhun8pwG8xRk4V2qJCX?alt=json
INFO:googleapiclient.discovery:URL being requested: GET https://www.googleapis.com/drive/v2/files/1xupwYTdw6G2qVNhun8pwG8xRk4V2qJCX?alt=media
INFO:googleapiclient.discovery:URL being requested: GET https://www.googleapis.com/drive/v2/files/1AEOU9Ninv6_-StwtZ48G0xeEPPQO4vYH?alt=json
INFO:googleapiclient.discovery:URL being requested: GET https://www.googleapis.com/drive/v2/files/1AEOU9Ninv6_-StwtZ48G0xeEPPQO4vYH?alt=media
INFO:googleapiclient.discovery:URL being requested: GET https://www.googleapis.com/drive/v2/files/1GxhyqpTkAPe8CmD5iztV3b94AAz44Toc?alt=json
INFO:googleapiclient.discovery:URL being requested: GET https://www.googleapis.com/drive/v2/files/1GxhyqpTkAPe8CmD5iztV3b94AAz44Toc?alt=media
INFO:googleapiclient.discovery:URL being requested: GET https://www.googleapis.com/drive/v2/files/1l2iKS9qZN8RN4ZFI0puxpgpNreiETlRx?alt=json
INFO:googleapiclient.discovery:URL being requested: GET https://www.googleapis.com/drive/v2/files/1l2iKS9qZN8RN4ZFI0puxpgpNreiETlRx?alt=media
INFO:googleapiclient.discovery:URL being requested: GET https://www.googleapis.com/drive/v2/files/13i6qCB0Hf3ECkxtGDMcoPLYPKae_ZAFI?alt=json
INFO:googleapiclient.discovery:URL being requested: GET https://www.googleapis.com/drive/v2/files/13i6qCB0Hf3ECkxtGDMcoPLYPKae_ZAFI?alt=media
INFO:googleapiclient.discovery:URL being requested: GET https://www.googleapis.com/drive/v2/files/1zRUXPWceiZ7wAKVqNxsPI4TvdfJOZDLX?alt=json
INFO:googleapiclient.discovery:URL being requested: GET https://www.googleapis.com/drive/v2/files/1zRUXPWceiZ7wAKVqNxsPI4TvdfJOZDLX?alt=media
INFO:googleapiclient.discovery:URL being requested: GET https://www.googleapis.com/drive/v2/files/1dbYWzs6KvZxX_eg41q1IN6Po923L7sdN?alt=json
INFO:googleapiclient.discovery:URL being requested: GET https://www.googleapis.com/drive/v2/files/1dbYWzs6KvZxX_eg41q1IN6Po923L7sdN?alt=media
INFO:googleapiclient.discovery:URL being requested: GET https://www.googleapis.com/drive/v2/files/1OWWyAT-iA_Um33IF5lQljgegO4najCpa?alt=json
INFO:googleapiclient.discovery:URL being requested: GET https://www.googleapis.com/drive/v2/files/1OWWyAT-iA_Um33IF5lQljgegO4najCpa?alt=media
INFO:googleapiclient.discovery:URL being requested: GET https://www.googleapis.com/drive/v2/files/1C7MSw6wwFN-j1uMA7WKRKPZ-i7rNn3bV?alt=json
INFO:googleapiclient.discovery:URL being requested: GET https://www.googleapis.com/drive/v2/files/1C7MSw6wwFN-j1uMA7WKRKPZ-i7rNn3bV?alt=media
INFO:googleapiclient.discovery:URL being requested: GET https://www.googleapis.com/drive/v2/files/1Q4amwiTHEB4jLSaAylp7pusm9phknRaU?alt=json
INFO:googleapiclient.discovery:URL being requested: GET https://www.googleapis.com/drive/v2/files/1Q4amwiTHEB4jLSaAylp7pusm9phknRaU?alt=media
INFO:googleapiclient.discovery:URL being requested: GET https://www.googleapis.com/drive/v2/files/1DueJGdv1jwL7uKH_wapV_pR7VipBwKgH?alt=json
INFO:googleapiclient.discovery:URL being requested: GET https://www.googleapis.com/drive/v2/files/1DueJGdv1jwL7uKH_wapV_pR7VipBwKgH?alt=media
INFO:googleapiclient.discovery:URL being requested: GET https://www.googleapis.com/drive/v2/files/15E-2wjZ7yqU4fa_jJAvDlKGN-aNaLX46?alt=json
INFO:googleapiclient.discovery:URL being requested: GET https://www.googleapis.com/drive/v2/files/15E-2wjZ7yqU4fa_jJAvDlKGN-aNaLX46?alt=media
INFO:googleapiclient.discovery:URL being requested: GET https://www.googleapis.com/drive/v2/files/1JGWgD-THxDdmJclgODa2-z2N0XQPcbLn?alt=json
INFO:googleapiclient.discovery:URL being requested: GET https://www.googleapis.com/drive/v2/files/1JGWgD-THxDdmJclgODa2-z2N0XQPcbLn?alt=media
INFO:googleapiclient.discovery:URL being requested: GET https://www.googleapis.com/drive/v2/files/1ZKaLWywFQacNCU1ZRw2XxQ25PMvhpWhP?alt=json
INFO:googleapiclient.discovery:URL being requested: GET https://www.googleapis.com/drive/v2/files/1ZKaLWywFQacNCU1ZRw2XxQ25PMvhpWhP?alt=media
INFO:googleapiclient.discovery:URL being requested: GET https://www.googleapis.com/drive/v2/files/1zQyuDVVMI2wF-JSBIF1a-E1Ru51SzqYg?alt=json
INFO:googleapiclient.discovery:URL being requested: GET https://www.googleapis.com/drive/v2/files/1zQyuDVVMI2wF-JSBIF1a-E1Ru51SzqYg?alt=media
INFO:googleapiclient.discovery:URL being requested: GET https://www.googleapis.com/drive/v2/files/1NEAzB5Mckc8nwCdUCzan9JIwf92olaU1?alt=json
INFO:googleapiclient.discovery:URL being requested: GET https://www.googleapis.com/drive/v2/files/1NEAzB5Mckc8nwCdUCzan9JIwf92olaU1?alt=media
INFO:googleapiclient.discovery:URL being requested: GET https://www.googleapis.com/drive/v2/files/1areuYonZ3Ukv5zpzGrfIaNpOir3qUYuA?alt=json
INFO:googleapiclient.discovery:URL being requested: GET https://www.googleapis.com/drive/v2/files/1areuYonZ3Ukv5zpzGrfIaNpOir3qUYuA?alt=media
INFO:googleapiclient.discovery:URL being requested: GET https://www.googleapis.com/drive/v2/files/1jxDi0YZ0BhHpYXHDZ82o5sL2upDZjuY7?alt=json
INFO:googleapiclient.discovery:URL being requested: GET https://www.googleapis.com/drive/v2/files/1jxDi0YZ0BhHpYXHDZ82o5sL2upDZjuY7?alt=media
INFO:oauth2client.transport:Refreshing due to a 401 (attempt 1/2)
INFO:oauth2client.client:Refreshing access_token
INFO:googleapiclient.discovery:URL being requested: GET https://www.googleapis.com/drive/v2/files/1F2ywbhwaYvYlZIqDut7BQCpVe3Yo3-Qa?alt=json
INFO:googleapiclient.discovery:URL being requested: GET https://www.googleapis.com/drive/v2/files/1F2ywbhwaYvYlZIqDut7BQCpVe3Yo3-Qa?alt=media
INFO:googleapiclient.discovery:URL being requested: GET https://www.googleapis.com/drive/v2/files/1otRiPBSqyFodfyX0mThOpIDgz1CjNMKK?alt=json
INFO:googleapiclient.discovery:URL being requested: GET https://www.googleapis.com/drive/v2/files/1otRiPBSqyFodfyX0mThOpIDgz1CjNMKK?alt=media
INFO:googleapiclient.discovery:URL being requested: GET https://www.googleapis.com/drive/v2/files/13ASiXtL6mBUMIxUYkSl5O3IA0EIoJopw?alt=json
INFO:googleapiclient.discovery:URL being requested: GET https://www.googleapis.com/drive/v2/files/13ASiXtL6mBUMIxUYkSl5O3IA0EIoJopw?alt=media
INFO:googleapiclient.discovery:URL being requested: GET https://www.googleapis.com/drive/v2/files/1D94RPLKHVAYV0qwq0GStuMKJv15wWCTt?alt=json
INFO:googleapiclient.discovery:URL being requested: GET https://www.googleapis.com/drive/v2/files/1D94RPLKHVAYV0qwq0GStuMKJv15wWCTt?alt=media
INFO:googleapiclient.discovery:URL being requested: GET https://www.googleapis.com/drive/v2/files/15k0WRyWLhsGaD3J3oaeWDfHWQmP6MFdE?alt=json
INFO:googleapiclient.discovery:URL being requested: GET https://www.googleapis.com/drive/v2/files/15k0WRyWLhsGaD3J3oaeWDfHWQmP6MFdE?alt=media
INFO:googleapiclient.discovery:URL being requested: GET https://www.googleapis.com/drive/v2/files/12CLi8Wgx7dQlFPBWhx19ieSlk3xng6r6?alt=json
INFO:googleapiclient.discovery:URL being requested: GET https://www.googleapis.com/drive/v2/files/12CLi8Wgx7dQlFPBWhx19ieSlk3xng6r6?alt=media
INFO:googleapiclient.discovery:URL being requested: GET https://www.googleapis.com/drive/v2/files/1V4SHFsqui7FylcGpjBtYccxGlv8w2ATI?alt=json
INFO:googleapiclient.discovery:URL being requested: GET https://www.googleapis.com/drive/v2/files/1V4SHFsqui7FylcGpjBtYccxGlv8w2ATI?alt=media
INFO:googleapiclient.discovery:URL being requested: GET https://www.googleapis.com/drive/v2/files/15dHcitmP1lJTHi8jtpwjkjs0oN4ImZAH?alt=json
INFO:googleapiclient.discovery:URL being requested: GET https://www.googleapis.com/drive/v2/files/15dHcitmP1lJTHi8jtpwjkjs0oN4ImZAH?alt=media
INFO:googleapiclient.discovery:URL being requested: GET https://www.googleapis.com/drive/v2/files/16ZfCbl6bsXxzGOLdHl7WO0Cixig8MnEW?alt=json
INFO:googleapiclient.discovery:URL being requested: GET https://www.googleapis.com/drive/v2/files/16ZfCbl6bsXxzGOLdHl7WO0Cixig8MnEW?alt=media
INFO:googleapiclient.discovery:URL being requested: GET https://www.googleapis.com/drive/v2/files/19Vtin9asw8CoRDXgciLYi6ORVn0FPnp8?alt=json
INFO:googleapiclient.discovery:URL being requested: GET https://www.googleapis.com/drive/v2/files/19Vtin9asw8CoRDXgciLYi6ORVn0FPnp8?alt=media
INFO:googleapiclient.discovery:URL being requested: GET https://www.googleapis.com/drive/v2/files/1Xv8f1s33xX1sbdd-8dQbmErL3DExIyWX?alt=json
INFO:googleapiclient.discovery:URL being requested: GET https://www.googleapis.com/drive/v2/files/1Xv8f1s33xX1sbdd-8dQbmErL3DExIyWX?alt=media
INFO:googleapiclient.discovery:URL being requested: GET https://www.googleapis.com/drive/v2/files/10qFS4pHl5APgd484QwaCaj1F9VNjPJ3Y?alt=json
INFO:googleapiclient.discovery:URL being requested: GET https://www.googleapis.com/drive/v2/files/10qFS4pHl5APgd484QwaCaj1F9VNjPJ3Y?alt=media
INFO:googleapiclient.discovery:URL being requested: GET https://www.googleapis.com/drive/v2/files/1H81FvYAXqUK30J_GyPBuDgauJRkSyLRt?alt=json
INFO:googleapiclient.discovery:URL being requested: GET https://www.googleapis.com/drive/v2/files/1H81FvYAXqUK30J_GyPBuDgauJRkSyLRt?alt=media
INFO:googleapiclient.discovery:URL being requested: GET https://www.googleapis.com/drive/v2/files/1LGV_5E8dofV07sQ9AiMdcXRlP3GauYU5?alt=json
INFO:googleapiclient.discovery:URL being requested: GET https://www.googleapis.com/drive/v2/files/1LGV_5E8dofV07sQ9AiMdcXRlP3GauYU5?alt=media
INFO:googleapiclient.discovery:URL being requested: GET https://www.googleapis.com/drive/v2/files/1edIzC8KWji5RzGfJFolkCMT7lO5FPeyj?alt=json
INFO:googleapiclient.discovery:URL being requested: GET https://www.googleapis.com/drive/v2/files/1edIzC8KWji5RzGfJFolkCMT7lO5FPeyj?alt=media
INFO:googleapiclient.discovery:URL being requested: GET https://www.googleapis.com/drive/v2/files/1MG3ZDrV8vtWP4cTxd-29ExbWD0GKhdjh?alt=json
INFO:googleapiclient.discovery:URL being requested: GET https://www.googleapis.com/drive/v2/files/1MG3ZDrV8vtWP4cTxd-29ExbWD0GKhdjh?alt=media
INFO:googleapiclient.discovery:URL being requested: GET https://www.googleapis.com/drive/v2/files/1S0l_poiwuZ7splLO5801gvSwLN8lRwfs?alt=json
INFO:googleapiclient.discovery:URL being requested: GET https://www.googleapis.com/drive/v2/files/1S0l_poiwuZ7splLO5801gvSwLN8lRwfs?alt=media
INFO:googleapiclient.discovery:URL being requested: GET https://www.googleapis.com/drive/v2/files/1Y-YkENOWNLRecOPDlExohdIn_cp631px?alt=json
INFO:googleapiclient.discovery:URL being requested: GET https://www.googleapis.com/drive/v2/files/1Y-YkENOWNLRecOPDlExohdIn_cp631px?alt=media
INFO:googleapiclient.discovery:URL being requested: GET https://www.googleapis.com/drive/v2/files/1-GTFhHW8HbqBMW-c_AMeT5xyEA8VA_dZ?alt=json
INFO:googleapiclient.discovery:URL being requested: GET https://www.googleapis.com/drive/v2/files/1-GTFhHW8HbqBMW-c_AMeT5xyEA8VA_dZ?alt=media
INFO:googleapiclient.discovery:URL being requested: GET https://www.googleapis.com/drive/v2/files/1wMwPR2TbHdCLQ7rPEKfvYSiPw8nDASq9?alt=json
INFO:googleapiclient.discovery:URL being requested: GET https://www.googleapis.com/drive/v2/files/1wMwPR2TbHdCLQ7rPEKfvYSiPw8nDASq9?alt=media
INFO:googleapiclient.discovery:URL being requested: GET https://www.googleapis.com/drive/v2/files/1C3OSVRqM2W1Gm6bh_8H2kixqemO0j-pV?alt=json
INFO:googleapiclient.discovery:URL being requested: GET https://www.googleapis.com/drive/v2/files/1C3OSVRqM2W1Gm6bh_8H2kixqemO0j-pV?alt=media
INFO:googleapiclient.discovery:URL being requested: GET https://www.googleapis.com/drive/v2/files/1AdDtdS2VPpwQ2duraGM4HyFmR_SC263J?alt=json
INFO:googleapiclient.discovery:URL being requested: GET https://www.googleapis.com/drive/v2/files/1AdDtdS2VPpwQ2duraGM4HyFmR_SC263J?alt=media
INFO:oauth2client.transport:Refreshing due to a 401 (attempt 1/2)
INFO:oauth2client.client:Refreshing access_token
INFO:googleapiclient.discovery:URL being requested: GET https://www.googleapis.com/drive/v2/files/1egA577xjlXBvxi9H73qw8o5Ee5JADOMI?alt=json
INFO:googleapiclient.discovery:URL being requested: GET https://www.googleapis.com/drive/v2/files/1egA577xjlXBvxi9H73qw8o5Ee5JADOMI?alt=media
INFO:googleapiclient.discovery:URL being requested: GET https://www.googleapis.com/drive/v2/files/1SeMwHtW_5B27JX5gfLh3wArNjqmsyYlY?alt=json
INFO:googleapiclient.discovery:URL being requested: GET https://www.googleapis.com/drive/v2/files/1SeMwHtW_5B27JX5gfLh3wArNjqmsyYlY?alt=media
INFO:googleapiclient.discovery:URL being requested: GET https://www.googleapis.com/drive/v2/files/1991fi1FqemkIN66DhLomI9M2SXadxB7j?alt=json
INFO:googleapiclient.discovery:URL being requested: GET https://www.googleapis.com/drive/v2/files/1991fi1FqemkIN66DhLomI9M2SXadxB7j?alt=media
INFO:googleapiclient.discovery:URL being requested: GET https://www.googleapis.com/drive/v2/files/1IGF_aAyLGaPRWrUVAq7w6TnZuOgk-fAy?alt=json
INFO:googleapiclient.discovery:URL being requested: GET https://www.googleapis.com/drive/v2/files/1IGF_aAyLGaPRWrUVAq7w6TnZuOgk-fAy?alt=media
INFO:googleapiclient.discovery:URL being requested: GET https://www.googleapis.com/drive/v2/files/1wdz1QkwlpdbtnkbV_26yNcWc-S1DxYSe?alt=json
INFO:googleapiclient.discovery:URL being requested: GET https://www.googleapis.com/drive/v2/files/1wdz1QkwlpdbtnkbV_26yNcWc-S1DxYSe?alt=media
INFO:googleapiclient.discovery:URL being requested: GET https://www.googleapis.com/drive/v2/files/163kumEwj7voxnxIHh_1-giBdXLr3hAmX?alt=json
INFO:googleapiclient.discovery:URL being requested: GET https://www.googleapis.com/drive/v2/files/163kumEwj7voxnxIHh_1-giBdXLr3hAmX?alt=media
INFO:googleapiclient.discovery:URL being requested: GET https://www.googleapis.com/drive/v2/files/1_K2jZPX1ajUeuuv8ocQ_BWm1_9KAvevm?alt=json
INFO:googleapiclient.discovery:URL being requested: GET https://www.googleapis.com/drive/v2/files/1_K2jZPX1ajUeuuv8ocQ_BWm1_9KAvevm?alt=media
INFO:googleapiclient.discovery:URL being requested: GET https://www.googleapis.com/drive/v2/files/1Ye0Rio68ge9WHlbZfZnVKklROdq6qcCi?alt=json
INFO:googleapiclient.discovery:URL being requested: GET https://www.googleapis.com/drive/v2/files/1Ye0Rio68ge9WHlbZfZnVKklROdq6qcCi?alt=media
INFO:googleapiclient.discovery:URL being requested: GET https://www.googleapis.com/drive/v2/files/16hfkgIwgRnDhIN6z4NkSQJu8J5C8PEQr?alt=json
INFO:googleapiclient.discovery:URL being requested: GET https://www.googleapis.com/drive/v2/files/16hfkgIwgRnDhIN6z4NkSQJu8J5C8PEQr?alt=media
INFO:googleapiclient.discovery:URL being requested: GET https://www.googleapis.com/drive/v2/files/1KWCmI1OydyagItW7BSq5VJ0mJZPrp1XC?alt=json
INFO:googleapiclient.discovery:URL being requested: GET https://www.googleapis.com/drive/v2/files/1KWCmI1OydyagItW7BSq5VJ0mJZPrp1XC?alt=media
INFO:googleapiclient.discovery:URL being requested: GET https://www.googleapis.com/drive/v2/files/1N8N0H3HuvMZva-3mOuIIxC01T0rsHCTc?alt=json
INFO:googleapiclient.discovery:URL being requested: GET https://www.googleapis.com/drive/v2/files/1N8N0H3HuvMZva-3mOuIIxC01T0rsHCTc?alt=media
INFO:googleapiclient.discovery:URL being requested: GET https://www.googleapis.com/drive/v2/files/1FK72hvcBnUvEsVGIgjmVd4MFmUkul0qo?alt=json
INFO:googleapiclient.discovery:URL being requested: GET https://www.googleapis.com/drive/v2/files/1FK72hvcBnUvEsVGIgjmVd4MFmUkul0qo?alt=media
INFO:googleapiclient.discovery:URL being requested: GET https://www.googleapis.com/drive/v2/files/15jRel2iL7enCKVqErVJKu9JBs3w2wRL9?alt=json
INFO:googleapiclient.discovery:URL being requested: GET https://www.googleapis.com/drive/v2/files/15jRel2iL7enCKVqErVJKu9JBs3w2wRL9?alt=media
INFO:googleapiclient.discovery:URL being requested: GET https://www.googleapis.com/drive/v2/files/1VOGp5QzFvg5Epb4FXUxP9ER5mmU09sBi?alt=json
INFO:googleapiclient.discovery:URL being requested: GET https://www.googleapis.com/drive/v2/files/1VOGp5QzFvg5Epb4FXUxP9ER5mmU09sBi?alt=media
INFO:googleapiclient.discovery:URL being requested: GET https://www.googleapis.com/drive/v2/files/1BRV4d4QBlZUkec11VdRXnJCrPhQl1C-D?alt=json
INFO:googleapiclient.discovery:URL being requested: GET https://www.googleapis.com/drive/v2/files/1BRV4d4QBlZUkec11VdRXnJCrPhQl1C-D?alt=media
INFO:googleapiclient.discovery:URL being requested: GET https://www.googleapis.com/drive/v2/files/1EmGoTK4sVxhZa5adI1Ta0pye10z76XP1?alt=json
INFO:googleapiclient.discovery:URL being requested: GET https://www.googleapis.com/drive/v2/files/1EmGoTK4sVxhZa5adI1Ta0pye10z76XP1?alt=media
INFO:googleapiclient.discovery:URL being requested: GET https://www.googleapis.com/drive/v2/files/1Gme_ouL3V5uyINPLF5GUQ3WBK4gJP2L5?alt=json
INFO:googleapiclient.discovery:URL being requested: GET https://www.googleapis.com/drive/v2/files/1Gme_ouL3V5uyINPLF5GUQ3WBK4gJP2L5?alt=media
INFO:googleapiclient.discovery:URL being requested: GET https://www.googleapis.com/drive/v2/files/1yGit4jxZ6-N4YIQ7aXuLIAIPbAWD4nzZ?alt=json
INFO:googleapiclient.discovery:URL being requested: GET https://www.googleapis.com/drive/v2/files/1yGit4jxZ6-N4YIQ7aXuLIAIPbAWD4nzZ?alt=media
INFO:googleapiclient.discovery:URL being requested: GET https://www.googleapis.com/drive/v2/files/1MJiKX-jMgUOyuw2k9u3yinqCBSvQi9St?alt=json
INFO:googleapiclient.discovery:URL being requested: GET https://www.googleapis.com/drive/v2/files/1MJiKX-jMgUOyuw2k9u3yinqCBSvQi9St?alt=media
INFO:googleapiclient.discovery:URL being requested: GET https://www.googleapis.com/drive/v2/files/1LTzkwBb4lhT4rYFgKtl2xc9Cqu9wOy9e?alt=json
INFO:googleapiclient.discovery:URL being requested: GET https://www.googleapis.com/drive/v2/files/1LTzkwBb4lhT4rYFgKtl2xc9Cqu9wOy9e?alt=media
INFO:googleapiclient.discovery:URL being requested: GET https://www.googleapis.com/drive/v2/files/1pSRNZ9Uj5RM2KLp-HmPGfDNgIG38cgYL?alt=json
INFO:googleapiclient.discovery:URL being requested: GET https://www.googleapis.com/drive/v2/files/1pSRNZ9Uj5RM2KLp-HmPGfDNgIG38cgYL?alt=media
INFO:googleapiclient.discovery:URL being requested: GET https://www.googleapis.com/drive/v2/files/1aMeMdrmUs8GrBWQ15DC5m_8F7LuJeqrA?alt=json
INFO:googleapiclient.discovery:URL being requested: GET https://www.googleapis.com/drive/v2/files/1aMeMdrmUs8GrBWQ15DC5m_8F7LuJeqrA?alt=media
INFO:oauth2client.transport:Refreshing due to a 401 (attempt 1/2)
INFO:oauth2client.client:Refreshing access_token
INFO:googleapiclient.discovery:URL being requested: GET https://www.googleapis.com/drive/v2/files/18hFQ74kPcxMgYOdEiZQncbf_8vRO-tOn?alt=json
INFO:googleapiclient.discovery:URL being requested: GET https://www.googleapis.com/drive/v2/files/18hFQ74kPcxMgYOdEiZQncbf_8vRO-tOn?alt=media
INFO:googleapiclient.discovery:URL being requested: GET https://www.googleapis.com/drive/v2/files/1ZmIYaPt8OP9MDICIIHhUq_MEr-Dk5K1J?alt=json
INFO:googleapiclient.discovery:URL being requested: GET https://www.googleapis.com/drive/v2/files/1ZmIYaPt8OP9MDICIIHhUq_MEr-Dk5K1J?alt=media
